<?xml version="1.0" encoding="UTF-8"?>
<!-- Generated by org.testng.reporters.JUnitReportReporter -->
<testsuite hostname="Indranil-laptop" failures="0" tests="3" name="tests.TestWithStaticImport" time="4.835" errors="0" timestamp="2021-09-15T06:37:20 IST" skipped="0">
  <testcase classname="tests.TestWithStaticImport" name="testwithStatic" time="0.317"/>
  <system-out/>
  <testcase classname="tests.TestWithStaticImport" name="testPostRequest" time="1.021"/>
  <system-out/>
  <testcase classname="tests.TestWithStaticImport" name="testGetRequest" time="3.497"/>
  <system-out/>
</testsuite> <!-- tests.TestWithStaticImport -->
